DEBUG:root:{(18, 0), (19, 19), (3, 0), (2, 1), (18, 19), (0, 10), (19, 0), (15, 19), (2, 5), (2, 2), (1, 10), (2, 6), (17, 19), (14, 19), (2, 3), (1, 9), (16, 19), (2, 7), (17, 0), (3, 1), (1, 8), (1, 7), (2, 4)}
DEBUG:root:cells: {(19, 19), (3, 0), (2, 1), (18, 19), (0, 10), (19, 0), (15, 19), (2, 5), (2, 2), (1, 10), (2, 6), (17, 19), (14, 19), (2, 3), (1, 9), (16, 19), (2, 7), (17, 0), (3, 1), (1, 8), (1, 7), (2, 4)}, neighbours: {(17, 0), (17, -1), (17, 1), (18, 1), (19, 1), (19, 0), (18, -1), (19, -1)}, intersection: [(19, 0), (17, 0)]
DEBUG:root:cells: {(19, 19), (3, 0), (2, 1), (18, 19), (0, 10), (15, 19), (2, 5), (2, 2), (1, 10), (2, 6), (17, 19), (14, 19), (2, 3), (1, 9), (16, 19), (2, 7), (3, 1), (1, 8), (1, 7), (2, 4)}, neighbours: {(17, 0), (17, -1), (17, 1), (18, 1), (19, 1), (19, 0), (18, -1), (19, -1)}, intersection: []
DEBUG:root:cells: {(19, 19), (3, 0), (2, 1), (18, 19), (0, 10), (15, 19), (2, 5), (2, 2), (1, 10), (2, 6), (17, 19), (14, 19), (2, 3), (1, 9), (16, 19), (2, 7), (3, 1), (1, 8), (1, 7), (2, 4)}, neighbours: {(18, 0), (20, 1), (20, -1), (18, 1), (19, 1), (20, 0), (18, -1), (19, -1)}, intersection: []
DEBUG:root:cells: {(19, 19), (3, 0), (2, 1), (18, 19), (0, 10), (15, 19), (2, 5), (2, 2), (1, 10), (2, 6), (17, 19), (14, 19), (2, 3), (1, 9), (16, 19), (2, 7), (3, 1), (1, 8), (1, 7), (2, 4)}, neighbours: {(18, 0), (16, -1), (17, -1), (17, 1), (16, 1), (16, 0), (18, -1), (18, 1)}, intersection: []
DEBUG:root:append new region: [(19, 19)]
DEBUG:root:cells: {(3, 0), (2, 1), (18, 19), (0, 10), (15, 19), (2, 5), (2, 2), (1, 10), (2, 6), (17, 19), (14, 19), (2, 3), (1, 9), (16, 19), (2, 7), (3, 1), (1, 8), (1, 7), (2, 4)}, neighbours: {(19, 18), (20, 20), (18, 19), (20, 19), (18, 18), (20, 18), (19, 20), (18, 20)}, intersection: [(18, 19)]
DEBUG:root:cells: {(3, 0), (2, 1), (0, 10), (15, 19), (2, 5), (2, 2), (1, 10), (2, 6), (17, 19), (14, 19), (2, 3), (1, 9), (16, 19), (2, 7), (3, 1), (1, 8), (1, 7), (2, 4)}, neighbours: {(19, 18), (20, 20), (18, 19), (20, 19), (18, 18), (20, 18), (19, 20), (18, 20)}, intersection: []
DEBUG:root:cells: {(3, 0), (2, 1), (0, 10), (15, 19), (2, 5), (2, 2), (1, 10), (2, 6), (17, 19), (14, 19), (2, 3), (1, 9), (16, 19), (2, 7), (3, 1), (1, 8), (1, 7), (2, 4)}, neighbours: {(17, 18), (19, 18), (17, 19), (19, 19), (17, 20), (18, 18), (19, 20), (18, 20)}, intersection: [(17, 19)]
DEBUG:root:cells: {(3, 0), (2, 1), (0, 10), (15, 19), (2, 5), (2, 2), (1, 10), (2, 6), (14, 19), (2, 3), (1, 9), (16, 19), (2, 7), (3, 1), (1, 8), (1, 7), (2, 4)}, neighbours: {(19, 18), (20, 20), (18, 19), (20, 19), (18, 18), (20, 18), (19, 20), (18, 20)}, intersection: []
DEBUG:root:cells: {(3, 0), (2, 1), (0, 10), (15, 19), (2, 5), (2, 2), (1, 10), (2, 6), (14, 19), (2, 3), (1, 9), (16, 19), (2, 7), (3, 1), (1, 8), (1, 7), (2, 4)}, neighbours: {(17, 18), (19, 18), (17, 19), (19, 19), (17, 20), (18, 18), (19, 20), (18, 20)}, intersection: []
DEBUG:root:cells: {(3, 0), (2, 1), (0, 10), (15, 19), (2, 5), (2, 2), (1, 10), (2, 6), (14, 19), (2, 3), (1, 9), (16, 19), (2, 7), (3, 1), (1, 8), (1, 7), (2, 4)}, neighbours: {(17, 18), (18, 20), (17, 20), (18, 19), (18, 18), (16, 19), (16, 20), (16, 18)}, intersection: [(16, 19)]
DEBUG:root:cells: {(3, 0), (2, 1), (0, 10), (15, 19), (2, 5), (2, 2), (1, 10), (2, 6), (14, 19), (2, 3), (1, 9), (2, 7), (3, 1), (1, 8), (1, 7), (2, 4)}, neighbours: {(19, 18), (20, 20), (18, 19), (20, 19), (18, 18), (20, 18), (19, 20), (18, 20)}, intersection: []
DEBUG:root:cells: {(3, 0), (2, 1), (0, 10), (15, 19), (2, 5), (2, 2), (1, 10), (2, 6), (14, 19), (2, 3), (1, 9), (2, 7), (3, 1), (1, 8), (1, 7), (2, 4)}, neighbours: {(17, 18), (19, 18), (17, 19), (19, 19), (17, 20), (18, 18), (19, 20), (18, 20)}, intersection: []
DEBUG:root:cells: {(3, 0), (2, 1), (0, 10), (15, 19), (2, 5), (2, 2), (1, 10), (2, 6), (14, 19), (2, 3), (1, 9), (2, 7), (3, 1), (1, 8), (1, 7), (2, 4)}, neighbours: {(17, 18), (18, 20), (17, 20), (18, 19), (18, 18), (16, 19), (16, 20), (16, 18)}, intersection: []
DEBUG:root:cells: {(3, 0), (2, 1), (0, 10), (15, 19), (2, 5), (2, 2), (1, 10), (2, 6), (14, 19), (2, 3), (1, 9), (2, 7), (3, 1), (1, 8), (1, 7), (2, 4)}, neighbours: {(17, 18), (17, 19), (15, 20), (17, 20), (15, 18), (16, 20), (15, 19), (16, 18)}, intersection: [(15, 19)]
DEBUG:root:cells: {(3, 0), (2, 1), (0, 10), (2, 5), (2, 2), (1, 10), (2, 6), (14, 19), (2, 3), (1, 9), (2, 7), (3, 1), (1, 8), (1, 7), (2, 4)}, neighbours: {(19, 18), (20, 20), (18, 19), (20, 19), (18, 18), (20, 18), (19, 20), (18, 20)}, intersection: []
DEBUG:root:cells: {(3, 0), (2, 1), (0, 10), (2, 5), (2, 2), (1, 10), (2, 6), (14, 19), (2, 3), (1, 9), (2, 7), (3, 1), (1, 8), (1, 7), (2, 4)}, neighbours: {(17, 18), (19, 18), (17, 19), (19, 19), (17, 20), (18, 18), (19, 20), (18, 20)}, intersection: []
DEBUG:root:cells: {(3, 0), (2, 1), (0, 10), (2, 5), (2, 2), (1, 10), (2, 6), (14, 19), (2, 3), (1, 9), (2, 7), (3, 1), (1, 8), (1, 7), (2, 4)}, neighbours: {(17, 18), (18, 20), (17, 20), (18, 19), (18, 18), (16, 19), (16, 20), (16, 18)}, intersection: []
DEBUG:root:cells: {(3, 0), (2, 1), (0, 10), (2, 5), (2, 2), (1, 10), (2, 6), (14, 19), (2, 3), (1, 9), (2, 7), (3, 1), (1, 8), (1, 7), (2, 4)}, neighbours: {(17, 18), (17, 19), (15, 20), (17, 20), (15, 18), (16, 20), (15, 19), (16, 18)}, intersection: []
DEBUG:root:cells: {(3, 0), (2, 1), (0, 10), (2, 5), (2, 2), (1, 10), (2, 6), (14, 19), (2, 3), (1, 9), (2, 7), (3, 1), (1, 8), (1, 7), (2, 4)}, neighbours: {(14, 19), (15, 20), (14, 18), (15, 18), (16, 20), (14, 20), (16, 19), (16, 18)}, intersection: [(14, 19)]
DEBUG:root:cells: {(3, 0), (2, 1), (0, 10), (2, 5), (2, 2), (1, 10), (2, 6), (2, 3), (1, 9), (2, 7), (3, 1), (1, 8), (1, 7), (2, 4)}, neighbours: {(19, 18), (20, 20), (18, 19), (20, 19), (18, 18), (20, 18), (19, 20), (18, 20)}, intersection: []
DEBUG:root:cells: {(3, 0), (2, 1), (0, 10), (2, 5), (2, 2), (1, 10), (2, 6), (2, 3), (1, 9), (2, 7), (3, 1), (1, 8), (1, 7), (2, 4)}, neighbours: {(17, 18), (19, 18), (17, 19), (19, 19), (17, 20), (18, 18), (19, 20), (18, 20)}, intersection: []
DEBUG:root:cells: {(3, 0), (2, 1), (0, 10), (2, 5), (2, 2), (1, 10), (2, 6), (2, 3), (1, 9), (2, 7), (3, 1), (1, 8), (1, 7), (2, 4)}, neighbours: {(17, 18), (18, 20), (17, 20), (18, 19), (18, 18), (16, 19), (16, 20), (16, 18)}, intersection: []
DEBUG:root:cells: {(3, 0), (2, 1), (0, 10), (2, 5), (2, 2), (1, 10), (2, 6), (2, 3), (1, 9), (2, 7), (3, 1), (1, 8), (1, 7), (2, 4)}, neighbours: {(17, 18), (17, 19), (15, 20), (17, 20), (15, 18), (16, 20), (15, 19), (16, 18)}, intersection: []
DEBUG:root:cells: {(3, 0), (2, 1), (0, 10), (2, 5), (2, 2), (1, 10), (2, 6), (2, 3), (1, 9), (2, 7), (3, 1), (1, 8), (1, 7), (2, 4)}, neighbours: {(14, 19), (15, 20), (14, 18), (15, 18), (16, 20), (14, 20), (16, 19), (16, 18)}, intersection: []
DEBUG:root:cells: {(3, 0), (2, 1), (0, 10), (2, 5), (2, 2), (1, 10), (2, 6), (2, 3), (1, 9), (2, 7), (3, 1), (1, 8), (1, 7), (2, 4)}, neighbours: {(15, 19), (15, 20), (14, 18), (13, 18), (15, 18), (13, 19), (14, 20), (13, 20)}, intersection: []
DEBUG:root:append new region: [(3, 0)]
DEBUG:root:cells: {(2, 1), (0, 10), (2, 5), (2, 2), (1, 10), (2, 6), (2, 3), (1, 9), (2, 7), (3, 1), (1, 8), (1, 7), (2, 4)}, neighbours: {(2, -1), (3, 1), (2, 1), (3, -1), (2, 0), (4, 1), (4, -1), (4, 0)}, intersection: [(3, 1), (2, 1)]
DEBUG:root:cells: {(0, 10), (2, 5), (2, 2), (1, 10), (2, 6), (2, 3), (1, 9), (2, 7), (1, 8), (1, 7), (2, 4)}, neighbours: {(2, -1), (3, 1), (2, 1), (3, -1), (2, 0), (4, 1), (4, -1), (4, 0)}, intersection: []
DEBUG:root:cells: {(0, 10), (2, 5), (2, 2), (1, 10), (2, 6), (2, 3), (1, 9), (2, 7), (1, 8), (1, 7), (2, 4)}, neighbours: {(3, 2), (3, 0), (2, 1), (2, 0), (2, 2), (4, 2), (4, 1), (4, 0)}, intersection: [(2, 2)]
DEBUG:root:cells: {(0, 10), (2, 5), (1, 10), (2, 6), (2, 3), (1, 9), (2, 7), (1, 8), (1, 7), (2, 4)}, neighbours: {(1, 2), (3, 2), (3, 0), (3, 1), (2, 0), (2, 2), (1, 0), (1, 1)}, intersection: []
DEBUG:root:cells: {(0, 10), (2, 5), (1, 10), (2, 6), (2, 3), (1, 9), (2, 7), (1, 8), (1, 7), (2, 4)}, neighbours: {(2, -1), (3, 1), (2, 1), (3, -1), (2, 0), (4, 1), (4, -1), (4, 0)}, intersection: []
DEBUG:root:cells: {(0, 10), (2, 5), (1, 10), (2, 6), (2, 3), (1, 9), (2, 7), (1, 8), (1, 7), (2, 4)}, neighbours: {(3, 2), (3, 0), (2, 1), (2, 0), (2, 2), (4, 2), (4, 1), (4, 0)}, intersection: []
DEBUG:root:cells: {(0, 10), (2, 5), (1, 10), (2, 6), (2, 3), (1, 9), (2, 7), (1, 8), (1, 7), (2, 4)}, neighbours: {(1, 2), (3, 2), (3, 0), (3, 1), (2, 0), (2, 2), (1, 0), (1, 1)}, intersection: []
DEBUG:root:cells: {(0, 10), (2, 5), (1, 10), (2, 6), (2, 3), (1, 9), (2, 7), (1, 8), (1, 7), (2, 4)}, neighbours: {(1, 2), (3, 2), (1, 3), (3, 3), (3, 1), (2, 1), (2, 3), (1, 1)}, intersection: [(2, 3)]
DEBUG:root:cells: {(0, 10), (2, 5), (1, 10), (2, 6), (1, 9), (2, 7), (1, 8), (1, 7), (2, 4)}, neighbours: {(2, -1), (3, 1), (2, 1), (3, -1), (2, 0), (4, 1), (4, -1), (4, 0)}, intersection: []
DEBUG:root:cells: {(0, 10), (2, 5), (1, 10), (2, 6), (1, 9), (2, 7), (1, 8), (1, 7), (2, 4)}, neighbours: {(3, 2), (3, 0), (2, 1), (2, 0), (2, 2), (4, 2), (4, 1), (4, 0)}, intersection: []
DEBUG:root:cells: {(0, 10), (2, 5), (1, 10), (2, 6), (1, 9), (2, 7), (1, 8), (1, 7), (2, 4)}, neighbours: {(1, 2), (3, 2), (3, 0), (3, 1), (2, 0), (2, 2), (1, 0), (1, 1)}, intersection: []
DEBUG:root:cells: {(0, 10), (2, 5), (1, 10), (2, 6), (1, 9), (2, 7), (1, 8), (1, 7), (2, 4)}, neighbours: {(1, 2), (3, 2), (1, 3), (3, 3), (3, 1), (2, 1), (2, 3), (1, 1)}, intersection: []
DEBUG:root:cells: {(0, 10), (2, 5), (1, 10), (2, 6), (1, 9), (2, 7), (1, 8), (1, 7), (2, 4)}, neighbours: {(1, 2), (3, 2), (1, 3), (3, 3), (1, 4), (2, 2), (3, 4), (2, 4)}, intersection: [(2, 4)]
DEBUG:root:cells: {(0, 10), (2, 5), (1, 10), (2, 6), (1, 9), (2, 7), (1, 8), (1, 7)}, neighbours: {(2, -1), (3, 1), (2, 1), (3, -1), (2, 0), (4, 1), (4, -1), (4, 0)}, intersection: []
DEBUG:root:cells: {(0, 10), (2, 5), (1, 10), (2, 6), (1, 9), (2, 7), (1, 8), (1, 7)}, neighbours: {(3, 2), (3, 0), (2, 1), (2, 0), (2, 2), (4, 2), (4, 1), (4, 0)}, intersection: []
DEBUG:root:cells: {(0, 10), (2, 5), (1, 10), (2, 6), (1, 9), (2, 7), (1, 8), (1, 7)}, neighbours: {(1, 2), (3, 2), (3, 0), (3, 1), (2, 0), (2, 2), (1, 0), (1, 1)}, intersection: []
DEBUG:root:cells: {(0, 10), (2, 5), (1, 10), (2, 6), (1, 9), (2, 7), (1, 8), (1, 7)}, neighbours: {(1, 2), (3, 2), (1, 3), (3, 3), (3, 1), (2, 1), (2, 3), (1, 1)}, intersection: []
DEBUG:root:cells: {(0, 10), (2, 5), (1, 10), (2, 6), (1, 9), (2, 7), (1, 8), (1, 7)}, neighbours: {(1, 2), (3, 2), (1, 3), (3, 3), (1, 4), (2, 2), (3, 4), (2, 4)}, intersection: []
DEBUG:root:cells: {(0, 10), (2, 5), (1, 10), (2, 6), (1, 9), (2, 7), (1, 8), (1, 7)}, neighbours: {(1, 3), (3, 3), (1, 4), (1, 5), (2, 3), (2, 5), (3, 4), (3, 5)}, intersection: [(2, 5)]
DEBUG:root:cells: {(0, 10), (1, 10), (2, 6), (1, 9), (2, 7), (1, 8), (1, 7)}, neighbours: {(2, -1), (3, 1), (2, 1), (3, -1), (2, 0), (4, 1), (4, -1), (4, 0)}, intersection: []
DEBUG:root:cells: {(0, 10), (1, 10), (2, 6), (1, 9), (2, 7), (1, 8), (1, 7)}, neighbours: {(3, 2), (3, 0), (2, 1), (2, 0), (2, 2), (4, 2), (4, 1), (4, 0)}, intersection: []
DEBUG:root:cells: {(0, 10), (1, 10), (2, 6), (1, 9), (2, 7), (1, 8), (1, 7)}, neighbours: {(1, 2), (3, 2), (3, 0), (3, 1), (2, 0), (2, 2), (1, 0), (1, 1)}, intersection: []
DEBUG:root:cells: {(0, 10), (1, 10), (2, 6), (1, 9), (2, 7), (1, 8), (1, 7)}, neighbours: {(1, 2), (3, 2), (1, 3), (3, 3), (3, 1), (2, 1), (2, 3), (1, 1)}, intersection: []
DEBUG:root:cells: {(0, 10), (1, 10), (2, 6), (1, 9), (2, 7), (1, 8), (1, 7)}, neighbours: {(1, 2), (3, 2), (1, 3), (3, 3), (1, 4), (2, 2), (3, 4), (2, 4)}, intersection: []
DEBUG:root:cells: {(0, 10), (1, 10), (2, 6), (1, 9), (2, 7), (1, 8), (1, 7)}, neighbours: {(1, 3), (3, 3), (1, 4), (1, 5), (2, 3), (2, 5), (3, 4), (3, 5)}, intersection: []
DEBUG:root:cells: {(0, 10), (1, 10), (2, 6), (1, 9), (2, 7), (1, 8), (1, 7)}, neighbours: {(2, 6), (1, 4), (1, 5), (1, 6), (3, 6), (3, 4), (2, 4), (3, 5)}, intersection: [(2, 6)]
DEBUG:root:cells: {(0, 10), (1, 10), (1, 9), (2, 7), (1, 8), (1, 7)}, neighbours: {(2, -1), (3, 1), (2, 1), (3, -1), (2, 0), (4, 1), (4, -1), (4, 0)}, intersection: []
DEBUG:root:cells: {(0, 10), (1, 10), (1, 9), (2, 7), (1, 8), (1, 7)}, neighbours: {(3, 2), (3, 0), (2, 1), (2, 0), (2, 2), (4, 2), (4, 1), (4, 0)}, intersection: []
DEBUG:root:cells: {(0, 10), (1, 10), (1, 9), (2, 7), (1, 8), (1, 7)}, neighbours: {(1, 2), (3, 2), (3, 0), (3, 1), (2, 0), (2, 2), (1, 0), (1, 1)}, intersection: []
DEBUG:root:cells: {(0, 10), (1, 10), (1, 9), (2, 7), (1, 8), (1, 7)}, neighbours: {(1, 2), (3, 2), (1, 3), (3, 3), (3, 1), (2, 1), (2, 3), (1, 1)}, intersection: []
DEBUG:root:cells: {(0, 10), (1, 10), (1, 9), (2, 7), (1, 8), (1, 7)}, neighbours: {(1, 2), (3, 2), (1, 3), (3, 3), (1, 4), (2, 2), (3, 4), (2, 4)}, intersection: []
DEBUG:root:cells: {(0, 10), (1, 10), (1, 9), (2, 7), (1, 8), (1, 7)}, neighbours: {(1, 3), (3, 3), (1, 4), (1, 5), (2, 3), (2, 5), (3, 4), (3, 5)}, intersection: []
DEBUG:root:cells: {(0, 10), (1, 10), (1, 9), (2, 7), (1, 8), (1, 7)}, neighbours: {(2, 6), (1, 4), (1, 5), (1, 6), (3, 6), (3, 4), (2, 4), (3, 5)}, intersection: []
DEBUG:root:cells: {(0, 10), (1, 10), (1, 9), (2, 7), (1, 8), (1, 7)}, neighbours: {(2, 7), (1, 5), (1, 6), (3, 6), (1, 7), (3, 7), (2, 5), (3, 5)}, intersection: [(2, 7), (1, 7)]
DEBUG:root:cells: {(0, 10), (1, 10), (1, 9), (1, 8)}, neighbours: {(2, -1), (3, 1), (2, 1), (3, -1), (2, 0), (4, 1), (4, -1), (4, 0)}, intersection: []
DEBUG:root:cells: {(0, 10), (1, 10), (1, 9), (1, 8)}, neighbours: {(3, 2), (3, 0), (2, 1), (2, 0), (2, 2), (4, 2), (4, 1), (4, 0)}, intersection: []
DEBUG:root:cells: {(0, 10), (1, 10), (1, 9), (1, 8)}, neighbours: {(1, 2), (3, 2), (3, 0), (3, 1), (2, 0), (2, 2), (1, 0), (1, 1)}, intersection: []
DEBUG:root:cells: {(0, 10), (1, 10), (1, 9), (1, 8)}, neighbours: {(1, 2), (3, 2), (1, 3), (3, 3), (3, 1), (2, 1), (2, 3), (1, 1)}, intersection: []
DEBUG:root:cells: {(0, 10), (1, 10), (1, 9), (1, 8)}, neighbours: {(1, 2), (3, 2), (1, 3), (3, 3), (1, 4), (2, 2), (3, 4), (2, 4)}, intersection: []
DEBUG:root:cells: {(0, 10), (1, 10), (1, 9), (1, 8)}, neighbours: {(1, 3), (3, 3), (1, 4), (1, 5), (2, 3), (2, 5), (3, 4), (3, 5)}, intersection: []
DEBUG:root:cells: {(0, 10), (1, 10), (1, 9), (1, 8)}, neighbours: {(2, 6), (1, 4), (1, 5), (1, 6), (3, 6), (3, 4), (2, 4), (3, 5)}, intersection: []
DEBUG:root:cells: {(0, 10), (1, 10), (1, 9), (1, 8)}, neighbours: {(2, 7), (1, 5), (1, 6), (3, 6), (1, 7), (3, 7), (2, 5), (3, 5)}, intersection: []
DEBUG:root:cells: {(0, 10), (1, 10), (1, 9), (1, 8)}, neighbours: {(2, 6), (2, 8), (3, 8), (1, 8), (1, 6), (3, 6), (1, 7), (3, 7)}, intersection: [(1, 8)]
DEBUG:root:cells: {(0, 10), (1, 10), (1, 9)}, neighbours: {(2, 7), (2, 6), (2, 8), (0, 7), (0, 6), (1, 8), (1, 6), (0, 8)}, intersection: []
DEBUG:root:cells: {(0, 10), (1, 10), (1, 9)}, neighbours: {(2, -1), (3, 1), (2, 1), (3, -1), (2, 0), (4, 1), (4, -1), (4, 0)}, intersection: []
DEBUG:root:cells: {(0, 10), (1, 10), (1, 9)}, neighbours: {(3, 2), (3, 0), (2, 1), (2, 0), (2, 2), (4, 2), (4, 1), (4, 0)}, intersection: []
DEBUG:root:cells: {(0, 10), (1, 10), (1, 9)}, neighbours: {(1, 2), (3, 2), (3, 0), (3, 1), (2, 0), (2, 2), (1, 0), (1, 1)}, intersection: []
DEBUG:root:cells: {(0, 10), (1, 10), (1, 9)}, neighbours: {(1, 2), (3, 2), (1, 3), (3, 3), (3, 1), (2, 1), (2, 3), (1, 1)}, intersection: []
DEBUG:root:cells: {(0, 10), (1, 10), (1, 9)}, neighbours: {(1, 2), (3, 2), (1, 3), (3, 3), (1, 4), (2, 2), (3, 4), (2, 4)}, intersection: []
DEBUG:root:cells: {(0, 10), (1, 10), (1, 9)}, neighbours: {(1, 3), (3, 3), (1, 4), (1, 5), (2, 3), (2, 5), (3, 4), (3, 5)}, intersection: []
DEBUG:root:cells: {(0, 10), (1, 10), (1, 9)}, neighbours: {(2, 6), (1, 4), (1, 5), (1, 6), (3, 6), (3, 4), (2, 4), (3, 5)}, intersection: []
DEBUG:root:cells: {(0, 10), (1, 10), (1, 9)}, neighbours: {(2, 7), (1, 5), (1, 6), (3, 6), (1, 7), (3, 7), (2, 5), (3, 5)}, intersection: []
DEBUG:root:cells: {(0, 10), (1, 10), (1, 9)}, neighbours: {(2, 6), (2, 8), (3, 8), (1, 8), (1, 6), (3, 6), (1, 7), (3, 7)}, intersection: []
DEBUG:root:cells: {(0, 10), (1, 10), (1, 9)}, neighbours: {(2, 7), (2, 6), (2, 8), (0, 7), (0, 6), (1, 8), (1, 6), (0, 8)}, intersection: []
DEBUG:root:cells: {(0, 10), (1, 10), (1, 9)}, neighbours: {(2, 7), (2, 9), (2, 8), (0, 7), (1, 9), (1, 7), (0, 9), (0, 8)}, intersection: [(1, 9)]
DEBUG:root:cells: {(0, 10), (1, 10)}, neighbours: {(2, -1), (3, 1), (2, 1), (3, -1), (2, 0), (4, 1), (4, -1), (4, 0)}, intersection: []
DEBUG:root:cells: {(0, 10), (1, 10)}, neighbours: {(3, 2), (3, 0), (2, 1), (2, 0), (2, 2), (4, 2), (4, 1), (4, 0)}, intersection: []
DEBUG:root:cells: {(0, 10), (1, 10)}, neighbours: {(1, 2), (3, 2), (3, 0), (3, 1), (2, 0), (2, 2), (1, 0), (1, 1)}, intersection: []
DEBUG:root:cells: {(0, 10), (1, 10)}, neighbours: {(1, 2), (3, 2), (1, 3), (3, 3), (3, 1), (2, 1), (2, 3), (1, 1)}, intersection: []
DEBUG:root:cells: {(0, 10), (1, 10)}, neighbours: {(1, 2), (3, 2), (1, 3), (3, 3), (1, 4), (2, 2), (3, 4), (2, 4)}, intersection: []
DEBUG:root:cells: {(0, 10), (1, 10)}, neighbours: {(1, 3), (3, 3), (1, 4), (1, 5), (2, 3), (2, 5), (3, 4), (3, 5)}, intersection: []
DEBUG:root:cells: {(0, 10), (1, 10)}, neighbours: {(2, 6), (1, 4), (1, 5), (1, 6), (3, 6), (3, 4), (2, 4), (3, 5)}, intersection: []
DEBUG:root:cells: {(0, 10), (1, 10)}, neighbours: {(2, 7), (1, 5), (1, 6), (3, 6), (1, 7), (3, 7), (2, 5), (3, 5)}, intersection: []
DEBUG:root:cells: {(0, 10), (1, 10)}, neighbours: {(2, 6), (2, 8), (3, 8), (1, 8), (1, 6), (3, 6), (1, 7), (3, 7)}, intersection: []
DEBUG:root:cells: {(0, 10), (1, 10)}, neighbours: {(2, 7), (2, 6), (2, 8), (0, 7), (0, 6), (1, 8), (1, 6), (0, 8)}, intersection: []
DEBUG:root:cells: {(0, 10), (1, 10)}, neighbours: {(2, 7), (2, 9), (2, 8), (0, 7), (1, 9), (1, 7), (0, 9), (0, 8)}, intersection: []
DEBUG:root:cells: {(0, 10), (1, 10)}, neighbours: {(2, 9), (2, 8), (1, 10), (2, 10), (1, 8), (0, 10), (0, 9), (0, 8)}, intersection: [(1, 10), (0, 10)]
DEBUG:root:[[(18, 0), (19, 0), (17, 0)], [(19, 19), (18, 19), (17, 19), (16, 19), (15, 19), (14, 19)], [(3, 0), (3, 1), (2, 1), (2, 2), (2, 3), (2, 4), (2, 5), (2, 6), (2, 7), (1, 7), (1, 8), (1, 9), (1, 10), (0, 10)]]
